<?xml version="1.0" encoding="UTF-8"?>
<!-- Generated by org.testng.reporters.JUnitReportReporter -->
<testsuite hostname="DESKTOP-FTDKB7K" failures="0" tests="1" name="gmailLogIn.OHRMLogin" time="5.711" errors="0" timestamp="2023-01-02T11:18:30 IST" skipped="0">
  <testcase classname="gmailLogIn.OHRMLogin" name="setUp" time="5.711"/>
  <system-out/>
</testsuite> <!-- gmailLogIn.OHRMLogin -->
