<?xml version="1.0" encoding="UTF-8"?>
<!-- Generated by org.testng.reporters.JUnitReportReporter -->
<testsuite hostname="DESKTOP-FTDKB7K" failures="0" tests="1" name="testNg.OrangeHrmApplicationAllElementsAutomation" time="2.484" errors="0" timestamp="2022-12-29T13:34:00 IST" skipped="0">
  <testcase classname="testNg.OrangeHrmApplicationAllElementsAutomation" name="logInCredentials" time="2.484"/>
  <system-out/>
</testsuite> <!-- testNg.OrangeHrmApplicationAllElementsAutomation -->
