<?xml version="1.0" encoding="UTF-8"?>
<!-- Generated by org.testng.reporters.JUnitReportReporter -->
<testsuite hostname="DESKTOP-FTDKB7K" failures="0" tests="1" name="orangeHRMApplication.OrangeHRMLogInPage" time="0.113" errors="0" timestamp="2022-12-30T20:49:27 IST" skipped="0">
  <testcase classname="orangeHRMApplication.OrangeHRMLogInPage" name="setUp" time="0.113"/>
  <system-out/>
</testsuite> <!-- orangeHRMApplication.OrangeHRMLogInPage -->
